  哈希.cpp
d:\vs项目\哈希\哈希\hashtable.h(83): warning C4018: “<”: 有符号/无符号不匹配
  d:\vs项目\哈希\哈希\hashtable.h(81): note: 编译 类 模板 成员函数 "bool hashTable<int,int>::erase(const T &)" 时
          with
          [
              T=int
          ]
  d:\vs项目\哈希\哈希\哈希.cpp(20): note: 参见对正在编译的函数 模板 实例化“bool hashTable<int,int>::erase(const T &)”的引用
          with
          [
              T=int
          ]
  d:\vs项目\哈希\哈希\哈希.cpp(13): note: 参见对正在编译的 类 模板 实例化 "hashTable<int,int>" 的引用
d:\vs项目\哈希\哈希\hashtable.h(65): warning C4018: “<”: 有符号/无符号不匹配
  d:\vs项目\哈希\哈希\hashtable.h(63): note: 编译 类 模板 成员函数 "int hashTable<int,int>::Find(const T)" 时
          with
          [
              T=int
          ]
  d:\vs项目\哈希\哈希\哈希.cpp(19): note: 参见对正在编译的函数 模板 实例化“int hashTable<int,int>::Find(const T)”的引用
          with
          [
              T=int
          ]
  哈希.vcxproj -> D:\VS项目\哈希\Debug\哈希.exe
